[2023-12-05 12:57:40,837: INFO: main: Custom log]
[2023-12-06 13:47:29,675: INFO: common: yaml file: config\config.yaml loaded successfully]
[2023-12-06 13:47:29,681: INFO: common: yaml file: params.yaml loaded successfully]
[2023-12-06 13:47:29,683: INFO: common: created directory at: artifacts]
[2023-12-06 13:47:29,684: INFO: common: created directory at: artifacts/data_ingestion]
[2023-12-06 13:47:29,686: INFO: 986331348: Downloading data from https://drive.google.com/file/d/1IgitLu2l1QMW77SF7JFcHNZdDaO8SBIP/view?usp=sharing into file artifacts/data_ingestion/data.zip]
[2023-12-06 13:47:48,693: INFO: 986331348: Downloaded data from https://drive.google.com/file/d/1IgitLu2l1QMW77SF7JFcHNZdDaO8SBIP/view?usp=sharing into file artifacts/data_ingestion/data.zip]
[2023-12-06 14:04:51,253: INFO: common: yaml file: config\config.yaml loaded successfully]
[2023-12-06 14:04:51,255: INFO: common: yaml file: params.yaml loaded successfully]
[2023-12-06 14:04:51,256: INFO: common: created directory at: artifacts]
[2023-12-06 14:04:51,257: INFO: common: created directory at: artifacts/data_ingestion]
[2023-12-06 14:04:51,259: INFO: 986331348: Downloading data from https://drive.google.com/file/d/1xmoaroF6Oj9VwtFqXeAwZbzP5THEUjWR/view?usp=sharing into file artifacts/data_ingestion/data.zip]
[2023-12-06 14:04:57,543: INFO: 986331348: Downloaded data from https://drive.google.com/file/d/1xmoaroF6Oj9VwtFqXeAwZbzP5THEUjWR/view?usp=sharing into file artifacts/data_ingestion/data.zip]
[2023-12-07 12:47:07,545: INFO: main: ******** Stage  :  Data Ingestion by pintu  Started ********]
[2023-12-07 12:47:07,547: INFO: common: yaml file: config\config.yaml loaded successfully]
[2023-12-07 12:47:07,551: INFO: common: yaml file: params.yaml loaded successfully]
[2023-12-07 12:47:07,551: INFO: common: created directory at: artifacts]
[2023-12-07 12:47:07,551: INFO: common: created directory at: artifacts/data_ingestion]
[2023-12-07 12:47:07,551: INFO: data_ingestion: Downloading data from https://drive.google.com/file/d/1xmoaroF6Oj9VwtFqXeAwZbzP5THEUjWR/view?usp=sharing into file artifacts/data_ingestion/data.zip]
[2023-12-07 12:47:17,744: INFO: data_ingestion: Downloaded data from https://drive.google.com/file/d/1xmoaroF6Oj9VwtFqXeAwZbzP5THEUjWR/view?usp=sharing into file artifacts/data_ingestion/data.zip]
[2023-12-07 12:47:19,268: INFO: main: ******** Stage  :  Data Ingestion by pintu  Completed ********]
[2023-12-07 12:59:29,704: INFO: main: ******** Stage  :  Data Ingestion  (Started) ********]
[2023-12-07 12:59:29,719: INFO: common: yaml file: config\config.yaml loaded successfully]
[2023-12-07 12:59:29,719: INFO: common: yaml file: params.yaml loaded successfully]
[2023-12-07 12:59:29,719: INFO: common: created directory at: artifacts]
[2023-12-07 12:59:29,719: INFO: common: created directory at: artifacts/data_ingestion]
[2023-12-07 12:59:29,719: INFO: data_ingestion: Downloading data from https://drive.google.com/file/d/1xmoaroF6Oj9VwtFqXeAwZbzP5THEUjWR/view?usp=sharing into file artifacts/data_ingestion/data.zip]
[2023-12-07 12:59:35,328: INFO: data_ingestion: Downloaded data from https://drive.google.com/file/d/1xmoaroF6Oj9VwtFqXeAwZbzP5THEUjWR/view?usp=sharing into file artifacts/data_ingestion/data.zip]
[2023-12-07 12:59:36,881: INFO: main: ******** Stage  :  Data Ingestion  (Completed) ********]
[2023-12-07 13:00:36,045: INFO: main: ******** Stage  =>  Data Ingestion  (Started) ********]
[2023-12-07 13:00:36,045: INFO: common: yaml file: config\config.yaml loaded successfully]
[2023-12-07 13:00:36,045: INFO: common: yaml file: params.yaml loaded successfully]
[2023-12-07 13:00:36,045: INFO: common: created directory at: artifacts]
[2023-12-07 13:00:36,045: INFO: common: created directory at: artifacts/data_ingestion]
[2023-12-07 13:00:36,045: INFO: data_ingestion: Downloading data from https://drive.google.com/file/d/1xmoaroF6Oj9VwtFqXeAwZbzP5THEUjWR/view?usp=sharing into file artifacts/data_ingestion/data.zip]
[2023-12-07 13:00:47,143: INFO: data_ingestion: Downloaded data from https://drive.google.com/file/d/1xmoaroF6Oj9VwtFqXeAwZbzP5THEUjWR/view?usp=sharing into file artifacts/data_ingestion/data.zip]
[2023-12-07 13:00:48,463: INFO: main: ******** Stage  =>  Data Ingestion  (Completed) ********]
[2023-12-07 22:54:16,896: INFO: common: yaml file: config\config.yaml loaded successfully]
[2023-12-07 22:54:16,910: INFO: common: yaml file: params.yaml loaded successfully]
[2023-12-07 22:54:16,912: INFO: common: created directory at: artifacts]
[2023-12-07 22:54:16,914: INFO: common: created directory at: artifacts/prepare_base_model]
[2023-12-07 23:02:05,633: WARNING: saving_utils: Compiled the loaded model, but the compiled metrics have yet to be built. `model.compile_metrics` will be empty until you train or evaluate the model.]
[2023-12-07 23:44:05,275: INFO: main: ******** Stage  =>  Data Ingestion  (Started) ********]
[2023-12-07 23:44:05,275: INFO: common: yaml file: config\config.yaml loaded successfully]
[2023-12-07 23:44:05,275: INFO: common: yaml file: params.yaml loaded successfully]
[2023-12-07 23:44:05,275: INFO: common: created directory at: artifacts]
[2023-12-07 23:44:05,275: ERROR: main: 'ConfigurationManager' object has no attribute 'get_data_ingestion_config']
Traceback (most recent call last):
  File "C:\Users\asbpi\Desktop\ASB\Data_Science\Projects\MY Projects\Renal-Disease-Classification\main.py", line 12, in <module>
    cal.main()
  File "c:\users\asbpi\desktop\asb\data_science\projects\my projects\renal-disease-classification\src\cnnClassifier\pipeline\s1_data_ingestion.py", line 14, in main
    data_ingestion_config = config.get_data_ingestion_config()
AttributeError: 'ConfigurationManager' object has no attribute 'get_data_ingestion_config'
[2023-12-07 23:46:33,870: INFO: main: ******** Stage  =>  Data Ingestion  (Started) ********]
[2023-12-07 23:46:33,870: INFO: common: yaml file: config\config.yaml loaded successfully]
[2023-12-07 23:46:33,870: INFO: common: yaml file: params.yaml loaded successfully]
[2023-12-07 23:46:33,870: INFO: common: created directory at: artifacts]
[2023-12-07 23:46:33,870: ERROR: main: 'ConfigurationManager' object has no attribute 'get_data_ingestion_config']
Traceback (most recent call last):
  File "C:\Users\asbpi\Desktop\ASB\Data_Science\Projects\MY Projects\Renal-Disease-Classification\main.py", line 12, in <module>
    cal.main()
  File "c:\users\asbpi\desktop\asb\data_science\projects\my projects\renal-disease-classification\src\cnnClassifier\pipeline\s1_data_ingestion.py", line 14, in main
    data_ingestion_config = config.get_data_ingestion_config()
AttributeError: 'ConfigurationManager' object has no attribute 'get_data_ingestion_config'
[2023-12-07 23:53:23,403: INFO: main: ******** Stage  =>  Data Ingestion  (Started) ********]
[2023-12-07 23:53:23,403: INFO: common: yaml file: config\config.yaml loaded successfully]
[2023-12-07 23:53:23,403: INFO: common: yaml file: params.yaml loaded successfully]
[2023-12-07 23:53:23,403: INFO: common: created directory at: artifacts]
[2023-12-07 23:53:23,403: ERROR: main: 'ConfigurationManager' object has no attribute 'get_data_ingestion_config']
Traceback (most recent call last):
  File "C:\Users\asbpi\Desktop\ASB\Data_Science\Projects\MY Projects\Renal-Disease-Classification\main.py", line 12, in <module>
    cal.main()
  File "c:\users\asbpi\desktop\asb\data_science\projects\my projects\renal-disease-classification\src\cnnClassifier\pipeline\s1_data_ingestion.py", line 14, in main
    data_ingestion_config = config.get_data_ingestion_config()
AttributeError: 'ConfigurationManager' object has no attribute 'get_data_ingestion_config'
[2023-12-07 23:55:15,268: INFO: main: ******** Stage  =>  Data Ingestion  (Started) ********]
[2023-12-07 23:55:15,268: INFO: common: yaml file: config\config.yaml loaded successfully]
[2023-12-07 23:55:15,268: INFO: common: yaml file: params.yaml loaded successfully]
[2023-12-07 23:55:15,268: INFO: common: created directory at: artifacts]
[2023-12-07 23:55:15,268: ERROR: main: 'ConfigurationManager' object has no attribute 'get_data_ingestion_config']
Traceback (most recent call last):
  File "C:\Users\asbpi\Desktop\ASB\Data_Science\Projects\MY Projects\Renal-Disease-Classification\main.py", line 12, in <module>
    cal.main()
  File "c:\users\asbpi\desktop\asb\data_science\projects\my projects\renal-disease-classification\src\cnnClassifier\pipeline\s1_data_ingestion.py", line 14, in main
    data_ingestion_config = config.get_data_ingestion_config()
AttributeError: 'ConfigurationManager' object has no attribute 'get_data_ingestion_config'
[2023-12-08 00:03:10,956: INFO: common: yaml file: config\config.yaml loaded successfully]
[2023-12-08 00:03:10,960: INFO: common: yaml file: params.yaml loaded successfully]
[2023-12-08 00:03:10,965: INFO: common: created directory at: artifacts]
[2023-12-08 00:03:10,968: INFO: common: created directory at: artifacts/data_ingestion]
[2023-12-08 00:03:10,968: INFO: 986331348: Downloading data from https://drive.google.com/file/d/1xmoaroF6Oj9VwtFqXeAwZbzP5THEUjWR/view?usp=sharing into file artifacts/data_ingestion/data.zip]
[2023-12-08 00:03:37,201: INFO: 986331348: Downloaded data from https://drive.google.com/file/d/1xmoaroF6Oj9VwtFqXeAwZbzP5THEUjWR/view?usp=sharing into file artifacts/data_ingestion/data.zip]
[2023-12-08 00:07:12,019: INFO: main: ******** Stage  =>  Data Ingestion  (Started) ********]
[2023-12-08 00:07:12,019: INFO: common: yaml file: config\config.yaml loaded successfully]
[2023-12-08 00:07:12,019: INFO: common: yaml file: params.yaml loaded successfully]
[2023-12-08 00:07:12,019: INFO: common: created directory at: artifacts]
[2023-12-08 00:07:12,019: ERROR: main: 'ConfigurationManager' object has no attribute 'get_data_ingestion_config']
Traceback (most recent call last):
  File "C:\Users\asbpi\Desktop\ASB\Data_Science\Projects\MY Projects\Renal-Disease-Classification\main.py", line 12, in <module>
    cal.main()
  File "c:\users\asbpi\desktop\asb\data_science\projects\my projects\renal-disease-classification\src\cnnClassifier\pipeline\s1_data_ingestion.py", line 14, in main
    data_ingestion_config = config.get_data_ingestion_config()
AttributeError: 'ConfigurationManager' object has no attribute 'get_data_ingestion_config'
[2023-12-08 00:15:42,937: INFO: main: ******** Stage  =>  Data Ingestion  (Started) ********]
[2023-12-08 00:15:42,937: INFO: common: yaml file: config\config.yaml loaded successfully]
[2023-12-08 00:15:42,937: INFO: common: yaml file: params.yaml loaded successfully]
[2023-12-08 00:15:42,937: INFO: common: created directory at: artifacts]
[2023-12-08 00:15:42,937: INFO: common: created directory at: artifacts/data_ingestion]
[2023-12-08 00:15:42,937: INFO: data_ingestion: Downloading data from https://drive.google.com/file/d/1xmoaroF6Oj9VwtFqXeAwZbzP5THEUjWR/view?usp=sharing into file artifacts/data_ingestion/data.zip]
[2023-12-08 00:15:53,561: INFO: data_ingestion: Downloaded data from https://drive.google.com/file/d/1xmoaroF6Oj9VwtFqXeAwZbzP5THEUjWR/view?usp=sharing into file artifacts/data_ingestion/data.zip]
[2023-12-08 00:15:54,906: INFO: main: ******** Stage  =>  Data Ingestion  (Completed) ********]
[2023-12-08 00:15:54,906: INFO: main: ******** Stage  :  Data Ingestion  Started ********]
[2023-12-08 00:15:54,906: INFO: common: yaml file: config\config.yaml loaded successfully]
[2023-12-08 00:15:54,906: INFO: common: yaml file: params.yaml loaded successfully]
[2023-12-08 00:15:54,906: INFO: common: created directory at: artifacts]
[2023-12-08 00:15:54,906: INFO: common: created directory at: artifacts/prepare_base_model]
[2023-12-08 00:15:55,331: WARNING: saving_utils: Compiled the loaded model, but the compiled metrics have yet to be built. `model.compile_metrics` will be empty until you train or evaluate the model.]
[2023-12-08 00:15:55,502: INFO: main: ******** Stage  :  Data Ingestion  Completed ********]
[2023-12-08 00:23:32,055: INFO: main: 

=====================  Programme Started  =====================

]
[2023-12-08 00:23:32,055: INFO: main: ******** Stage  =>  Data Ingestion  (Started) ********]
[2023-12-08 00:23:32,055: INFO: common: yaml file: config\config.yaml loaded successfully]
[2023-12-08 00:23:32,055: INFO: common: yaml file: params.yaml loaded successfully]
[2023-12-08 00:23:32,055: INFO: common: created directory at: artifacts]
[2023-12-08 00:23:32,055: INFO: common: created directory at: artifacts/data_ingestion]
[2023-12-08 00:23:32,055: INFO: data_ingestion: Downloading data from https://drive.google.com/file/d/1xmoaroF6Oj9VwtFqXeAwZbzP5THEUjWR/view?usp=sharing into file artifacts/data_ingestion/data.zip]
[2023-12-08 00:23:37,931: INFO: data_ingestion: Downloaded data from https://drive.google.com/file/d/1xmoaroF6Oj9VwtFqXeAwZbzP5THEUjWR/view?usp=sharing into file artifacts/data_ingestion/data.zip]
[2023-12-08 00:23:39,264: INFO: main: ******** Stage  =>  Data Ingestion  (Completed) ********]
[2023-12-08 00:23:39,264: INFO: main: ******** Stage  :  Data Ingestion  Started ********]
[2023-12-08 00:23:39,264: INFO: common: yaml file: config\config.yaml loaded successfully]
[2023-12-08 00:23:39,264: INFO: common: yaml file: params.yaml loaded successfully]
[2023-12-08 00:23:39,264: INFO: common: created directory at: artifacts]
[2023-12-08 00:23:39,264: INFO: common: created directory at: artifacts/prepare_base_model]
[2023-12-08 00:23:39,656: WARNING: saving_utils: Compiled the loaded model, but the compiled metrics have yet to be built. `model.compile_metrics` will be empty until you train or evaluate the model.]
[2023-12-08 00:23:39,862: INFO: main: ******** Stage  :  Data Ingestion  Completed ********]
[2023-12-08 00:23:39,862: INFO: main: 

=====================  Programme Completed  =====================

]
[2023-12-08 00:28:48,669: INFO: main: 

=====================  Programme Started  =====================

]
[2023-12-08 00:28:48,669: INFO: main: ******** Stage  =>  Data Ingestion  (Started) ********]
[2023-12-08 00:28:48,669: INFO: common: yaml file: config\config.yaml loaded successfully]
[2023-12-08 00:28:48,669: INFO: common: yaml file: params.yaml loaded successfully]
[2023-12-08 00:28:48,684: INFO: common: created directory at: artifacts]
[2023-12-08 00:28:48,684: INFO: common: created directory at: artifacts/data_ingestion]
[2023-12-08 00:28:48,684: INFO: data_ingestion: Downloading data from https://drive.google.com/file/d/1xmoaroF6Oj9VwtFqXeAwZbzP5THEUjWR/view?usp=sharing into file artifacts/data_ingestion/data.zip]
[2023-12-08 00:28:54,296: INFO: data_ingestion: Downloaded data from https://drive.google.com/file/d/1xmoaroF6Oj9VwtFqXeAwZbzP5THEUjWR/view?usp=sharing into file artifacts/data_ingestion/data.zip]
[2023-12-08 00:28:55,833: INFO: main: ******** Stage  =>  Data Ingestion  (Completed) ********]
[2023-12-08 00:28:55,833: INFO: main: ******** Stage  :  Prepare Base Model  Started ********]
[2023-12-08 00:28:55,849: INFO: common: yaml file: config\config.yaml loaded successfully]
[2023-12-08 00:28:55,849: INFO: common: yaml file: params.yaml loaded successfully]
[2023-12-08 00:28:55,849: INFO: common: created directory at: artifacts]
[2023-12-08 00:28:55,849: INFO: common: created directory at: artifacts/prepare_base_model]
[2023-12-08 00:28:56,257: WARNING: saving_utils: Compiled the loaded model, but the compiled metrics have yet to be built. `model.compile_metrics` will be empty until you train or evaluate the model.]
[2023-12-08 00:28:56,475: INFO: main: ******** Stage  :  Prepare Base Model  Completed ********]
[2023-12-08 00:28:56,475: INFO: main: 

=====================  Programme Completed  =====================

]
[2023-12-08 00:31:59,681: INFO: main: 

=====================  Programme Started  =====================

]
[2023-12-08 00:31:59,681: INFO: main: ******** Stage  =>  Data Ingestion  (Started) ********]
[2023-12-08 00:31:59,681: INFO: common: yaml file: config\config.yaml loaded successfully]
[2023-12-08 00:31:59,681: INFO: common: yaml file: params.yaml loaded successfully]
[2023-12-08 00:31:59,681: INFO: common: created directory at: artifacts]
[2023-12-08 00:31:59,681: INFO: common: created directory at: artifacts/data_ingestion]
[2023-12-08 00:31:59,681: INFO: data_ingestion: Downloading data from https://drive.google.com/file/d/1xmoaroF6Oj9VwtFqXeAwZbzP5THEUjWR/view?usp=sharing into file artifacts/data_ingestion/data.zip]
[2023-12-08 00:32:06,389: INFO: data_ingestion: Downloaded data from https://drive.google.com/file/d/1xmoaroF6Oj9VwtFqXeAwZbzP5THEUjWR/view?usp=sharing into file artifacts/data_ingestion/data.zip]
[2023-12-08 00:32:07,768: INFO: main: ******** Stage  =>  Data Ingestion  (Completed) ********]
[2023-12-08 00:32:07,768: INFO: main: ******** Stage  :  Prepare Base Model  (Started) ********]
[2023-12-08 00:32:07,768: INFO: common: yaml file: config\config.yaml loaded successfully]
[2023-12-08 00:32:07,768: INFO: common: yaml file: params.yaml loaded successfully]
[2023-12-08 00:32:07,768: INFO: common: created directory at: artifacts]
[2023-12-08 00:32:07,768: INFO: common: created directory at: artifacts/prepare_base_model]
[2023-12-08 00:32:08,178: WARNING: saving_utils: Compiled the loaded model, but the compiled metrics have yet to be built. `model.compile_metrics` will be empty until you train or evaluate the model.]
[2023-12-08 00:32:08,382: INFO: main: ******** Stage  :  Prepare Base Model  (Completed) ********]
[2023-12-08 00:32:08,382: INFO: main: 

=====================  Programme Completed  =====================

]
[2023-12-08 19:34:50,759: INFO: common: yaml file: config\config.yaml loaded successfully]
[2023-12-08 19:34:50,785: INFO: common: yaml file: params.yaml loaded successfully]
[2023-12-08 19:34:50,791: INFO: common: created directory at: artifacts]
[2023-12-08 19:36:03,875: INFO: common: yaml file: config\config.yaml loaded successfully]
[2023-12-08 19:36:03,875: INFO: common: yaml file: params.yaml loaded successfully]
[2023-12-08 19:36:03,880: INFO: common: created directory at: artifacts]
[2023-12-08 19:37:11,516: INFO: common: yaml file: config\config.yaml loaded successfully]
[2023-12-08 19:37:11,521: INFO: common: yaml file: params.yaml loaded successfully]
[2023-12-08 19:37:11,527: INFO: common: created directory at: artifacts]
[2023-12-08 19:39:10,782: INFO: common: yaml file: config\config.yaml loaded successfully]
[2023-12-08 19:39:10,786: INFO: common: yaml file: params.yaml loaded successfully]
[2023-12-08 19:39:10,793: INFO: common: created directory at: artifacts]
[2023-12-08 19:42:17,348: INFO: common: yaml file: config\config.yaml loaded successfully]
[2023-12-08 19:42:17,353: INFO: common: yaml file: params.yaml loaded successfully]
[2023-12-08 19:42:17,355: INFO: common: created directory at: artifacts]
[2023-12-08 19:45:56,251: INFO: common: yaml file: config\config.yaml loaded successfully]
[2023-12-08 19:45:56,258: INFO: common: yaml file: params.yaml loaded successfully]
[2023-12-08 19:45:56,259: INFO: common: created directory at: artifacts]
[2023-12-08 19:52:28,726: INFO: common: yaml file: config\config.yaml loaded successfully]
[2023-12-08 19:52:28,728: INFO: common: yaml file: params.yaml loaded successfully]
[2023-12-08 19:52:28,733: INFO: common: created directory at: artifacts]
[2023-12-08 19:52:28,735: INFO: common: created directory at: artifacts\training]
[2023-12-08 20:36:35,998: INFO: main: 


=====================  Programme Started  =====================


]
[2023-12-08 20:36:35,998: INFO: main: ******** Stage  =>  Data Ingestion  (Started) ********]
[2023-12-08 20:36:35,998: INFO: common: yaml file: config\config.yaml loaded successfully]
[2023-12-08 20:36:35,998: INFO: common: yaml file: params.yaml loaded successfully]
[2023-12-08 20:36:36,014: INFO: common: created directory at: artifacts]
[2023-12-08 20:36:36,014: INFO: common: created directory at: artifacts/data_ingestion]
[2023-12-08 20:36:36,014: INFO: data_ingestion: Downloading data from https://drive.google.com/file/d/1xmoaroF6Oj9VwtFqXeAwZbzP5THEUjWR/view?usp=sharing into file artifacts/data_ingestion/data.zip]
[2023-12-08 20:37:15,816: INFO: data_ingestion: Downloaded data from https://drive.google.com/file/d/1xmoaroF6Oj9VwtFqXeAwZbzP5THEUjWR/view?usp=sharing into file artifacts/data_ingestion/data.zip]
[2023-12-08 20:37:17,181: INFO: main: ******** Stage  =>  Data Ingestion  (Completed) ********]
[2023-12-08 20:37:17,181: INFO: main: ******** Stage  :  Prepare Base Model  (Started) ********]
[2023-12-08 20:37:17,181: INFO: common: yaml file: config\config.yaml loaded successfully]
[2023-12-08 20:37:17,181: INFO: common: yaml file: params.yaml loaded successfully]
[2023-12-08 20:37:17,181: INFO: common: created directory at: artifacts]
[2023-12-08 20:37:17,181: INFO: common: created directory at: artifacts/prepare_base_model]
[2023-12-08 20:37:17,637: WARNING: saving_utils: Compiled the loaded model, but the compiled metrics have yet to be built. `model.compile_metrics` will be empty until you train or evaluate the model.]
[2023-12-08 20:37:17,855: INFO: main: ******** Stage  :  Prepare Base Model  (Completed) ********]
[2023-12-08 20:37:17,855: INFO: main: ******** Stage  :  Model Training  (Started) ********]
[2023-12-08 20:37:17,855: INFO: common: yaml file: config\config.yaml loaded successfully]
[2023-12-08 20:37:17,855: INFO: common: yaml file: params.yaml loaded successfully]
[2023-12-08 20:37:17,855: INFO: common: created directory at: artifacts]
[2023-12-08 20:37:17,855: ERROR: main: name 'os' is not defined]
Traceback (most recent call last):
  File "C:\Users\asbpi\Desktop\ASB\Data_Science\Projects\MY Projects\Renal-Disease-Classification\main.py", line 44, in <module>
    cal.main()
  File "c:\users\asbpi\desktop\asb\data_science\projects\my projects\renal-disease-classification\src\cnnClassifier\pipeline\s3_training_model.py", line 16, in main
    training_config = config.get_training_config()
  File "c:\users\asbpi\desktop\asb\data_science\projects\my projects\renal-disease-classification\src\cnnClassifier\config\configuration.py", line 60, in get_training_config
    training_data = os.path.join(self.config.data_ingestion.unzip_dir, "kidney_img_ctscan")
NameError: name 'os' is not defined
[2023-12-08 20:39:57,762: INFO: main: 


=====================  Programme Started  =====================


]
[2023-12-08 20:39:57,762: INFO: main: ******** Stage  =>  Data Ingestion  (Started) ********]
[2023-12-08 20:39:57,762: INFO: common: yaml file: config\config.yaml loaded successfully]
[2023-12-08 20:39:57,777: INFO: common: yaml file: params.yaml loaded successfully]
[2023-12-08 20:39:57,777: INFO: common: created directory at: artifacts]
[2023-12-08 20:39:57,777: INFO: common: created directory at: artifacts/data_ingestion]
[2023-12-08 20:39:57,777: INFO: data_ingestion: Downloading data from https://drive.google.com/file/d/1xmoaroF6Oj9VwtFqXeAwZbzP5THEUjWR/view?usp=sharing into file artifacts/data_ingestion/data.zip]
[2023-12-08 20:40:07,673: INFO: data_ingestion: Downloaded data from https://drive.google.com/file/d/1xmoaroF6Oj9VwtFqXeAwZbzP5THEUjWR/view?usp=sharing into file artifacts/data_ingestion/data.zip]
[2023-12-08 20:40:08,989: INFO: main: ******** Stage  =>  Data Ingestion  (Completed) ********]
[2023-12-08 20:40:08,989: INFO: main: ******** Stage  :  Prepare Base Model  (Started) ********]
[2023-12-08 20:40:08,989: INFO: common: yaml file: config\config.yaml loaded successfully]
[2023-12-08 20:40:08,989: INFO: common: yaml file: params.yaml loaded successfully]
[2023-12-08 20:40:08,989: INFO: common: created directory at: artifacts]
[2023-12-08 20:40:08,989: INFO: common: created directory at: artifacts/prepare_base_model]
[2023-12-08 20:40:09,366: WARNING: saving_utils: Compiled the loaded model, but the compiled metrics have yet to be built. `model.compile_metrics` will be empty until you train or evaluate the model.]
[2023-12-08 20:40:09,584: INFO: main: ******** Stage  :  Prepare Base Model  (Completed) ********]
[2023-12-08 20:40:09,584: INFO: main: ******** Stage  :  Model Training  (Started) ********]
[2023-12-08 20:40:09,584: INFO: common: yaml file: config\config.yaml loaded successfully]
[2023-12-08 20:40:09,584: INFO: common: yaml file: params.yaml loaded successfully]
[2023-12-08 20:40:09,584: INFO: common: created directory at: artifacts]
[2023-12-08 20:40:09,584: INFO: common: created directory at: artifacts\training]
[2023-12-08 20:41:38,211: INFO: main: ******** Stage  :  Model Training  (Completed) ********]
[2023-12-08 20:41:38,211: INFO: main: 


=====================  Programme Completed  =====================
\nn]
